<?xml version="1.0" encoding="UTF-8"?>
<testsuite xmlns:xsi="http://www.w3.org/2001/XMLSchema-instance" xsi:noNamespaceSchemaLocation="https://maven.apache.org/surefire/maven-surefire-plugin/xsd/surefire-test-report.xsd" name="com.cognizant.ormlearn.OrmLearnApplicationTests" time="9.87" tests="13" errors="0" skipped="0" failures="0">
  <properties>
[...]
</properties>
  <testcase name="testSearchCountryContainingText" classname="com.cognizant.ormlearn.OrmLearnApplicationTests" time="0.605"/>
  <testcase name="testSearchCountryContainingTextSorted" classname="com.cognizant.ormlearn.OrmLearnApplicationTests" time="0.02"/>
  <testcase name="testSearchCountryStartingWith" classname="com.cognizant.ormlearn.OrmLearnApplicationTests" time="0.01"/>
  <testcase name="testGetFacebookStocksSept2019" classname="com.cognizant.ormlearn.OrmLearnApplicationTests" time="0.083"/>
  <testcase name="testGetGoogleStocksGreaterThan" classname="com.cognizant.ormlearn.OrmLearnApplicationTests" time="0.021"/>
  <testcase name="testGetTop3StocksByVolume" classname="com.cognizant.ormlearn.OrmLearnApplicationTests" time="0.015"/>
  <testcase name="testGetLowestNetflixStocks" classname="com.cognizant.ormlearn.OrmLearnApplicationTests" time="0.011"/>
  <testcase name="testGetEmployee" classname="com.cognizant.ormlearn.OrmLearnApplicationTests" time="0.088"/>
  <testcase name="testAddEmployee" classname="com.cognizant.ormlearn.OrmLearnApplicationTests" time="0.065"/>
  <testcase name="testUpdateEmployee" classname="com.cognizant.ormlearn.OrmLearnApplicationTests" time="0.027"/>
  <testcase name="testGetDepartment" classname="com.cognizant.ormlearn.OrmLearnApplicationTests" time="0.01"/>
  <testcase name="testGetEmployeeSkills" classname="com.cognizant.ormlearn.OrmLearnApplicationTests" time="0.012"/>
  <testcase name="testAddSkillToEmployee" classname="com.cognizant.ormlearn.OrmLearnApplicationTests" time="0.024"/>
</testsuite>